<?xml version="1.0" encoding="UTF-8"?>
<testsuite name="User API" tests="4" skipped="0" failures="0" errors="0" timestamp="2025-07-29T03:06:32" hostname="LAPTOP-05EG2TE6" time="6.473">
  <properties/>
  <testcase name="Get user by ID" classname="User API" time="1.338"/>
  <testcase name="Create new user" classname="User API" time="1.388"/>
  <testcase name="Update user" classname="User API" time="2.099"/>
  <testcase name="Delete user" classname="User API" time="1.648"/>
  <system-out><![CDATA[
@api
Scenario: Get user by ID                       # src/test/java/api/features/user_api.feature:4
  Given I have a valid user ID                 # api.stepdefinitions.UserApiSteps.i_have_a_valid_user_id()
[DEBUG] GET user with userId: 60d0fe4f5311236168a109d7
  When I send GET request to user API          # api.stepdefinitions.UserApiSteps.i_send_get_request_to_user_api()
[DEBUG] Status code: 200
[DEBUG] Response body: {"id":"60d0fe4f5311236168a109d7","title":"ms","firstName":"Updated","lastName":"User","picture":"https://randomuser.me/api/portraits/med/men/67.jpg","gender":"male","email":"leevi.savela@example.com","dateOfBirth":"1980-12-19T12:11:14.893Z","phone":"02-200-101","location":{"country":"Finland","city":"Malax","street":"4013, HÃ¤meentie","timezone":"+1:00","state":"Southern Ostrobothnia"},"registerDate":"2021-06-21T21:02:09.541Z","updatedDate":"2021-06-21T21:02:09.541Z"}
  Then the user response status should be 200  # api.stepdefinitions.UserApiSteps.the_user_response_status_should_be_200()
  And the response should contain user details # api.stepdefinitions.UserApiSteps.the_response_should_contain_user_details()

@api
Scenario: Create new user                             # src/test/java/api/features/user_api.feature:10
[DEBUG] Preparing user data for create
  Given I have user data to create                    # api.stepdefinitions.UserApiSteps.i_have_user_data_to_create()
[DEBUG] Creating user with email: testuser1753758395029@example.com
[DEBUG] Created userId: 68883abaa80ac28790b15805
  When I send POST request to create user             # api.stepdefinitions.UserApiSteps.i_send_post_request_to_create_user()
[DEBUG] Status code: 200
[DEBUG] Response body: {"id":"68883abaa80ac28790b15805","firstName":"Test","lastName":"User","email":"testuser1753758395029@example.com","registerDate":"2025-07-29T03:06:34.819Z","updatedDate":"2025-07-29T03:06:34.819Z"}
  Then the user response status should be 200         # api.stepdefinitions.UserApiSteps.the_user_response_status_should_be_200()
  And the response should contain the created user ID # api.stepdefinitions.UserApiSteps.the_response_should_contain_the_created_user_id()

@api @update
Scenario: Update user                               # src/test/java/api/features/user_api.feature:17
[DEBUG] Preparing user data for create
[DEBUG] Creating user with email: testuser1753758395653@example.com
[DEBUG] Created userId: 68883abba80ac2731fb1580d
[DEBUG] Using userId for update: 68883abba80ac2731fb1580d
  Given I have an existing user ID and new data     # api.stepdefinitions.UserApiSteps.i_have_an_existing_user_id_and_new_data()
[DEBUG] Updating user with userId: 68883abba80ac2731fb1580d
  When I send PUT request to update user            # api.stepdefinitions.UserApiSteps.i_send_put_request_to_update_user()
[DEBUG] Status code: 200
[DEBUG] Response body: {"id":"68883abba80ac2731fb1580d","firstName":"Updated","lastName":"User","email":"testuser1753758395653@example.com","registerDate":"2025-07-29T03:06:35.719Z","updatedDate":"2025-07-29T03:06:36.889Z"}
  Then the user response status should be 200       # api.stepdefinitions.UserApiSteps.the_user_response_status_should_be_200()
[DEBUG] Update response status: 200
[DEBUG] Update response body: {"id":"68883abba80ac2731fb1580d","firstName":"Updated","lastName":"User","email":"testuser1753758395653@example.com","registerDate":"2025-07-29T03:06:35.719Z","updatedDate":"2025-07-29T03:06:36.889Z"}
  And the response should contain updated user data # api.stepdefinitions.UserApiSteps.the_response_should_contain_updated_user_data()

@api @delete
Scenario: Delete user                         # src/test/java/api/features/user_api.feature:24
[DEBUG] Preparing user data for create
[DEBUG] Creating user with email: testuser1753758397752@example.com
[DEBUG] Created userId: 68883abda80ac23934b15814
[DEBUG] Using userId for delete: 68883abda80ac23934b15814
  Given I have an existing user ID to delete  # api.stepdefinitions.UserApiSteps.i_have_an_existing_user_id_to_delete()
[DEBUG] Deleting user with userId: 68883abda80ac23934b15814
  When I send DELETE request to delete user   # api.stepdefinitions.UserApiSteps.i_send_delete_request_to_delete_user()
[DEBUG] Status code: 200
[DEBUG] Response body: {"id":"68883abda80ac23934b15814"}
  Then the user response status should be 200 # api.stepdefinitions.UserApiSteps.the_user_response_status_should_be_200()
[DEBUG] Delete response status: 200
[DEBUG] Delete response body: {"id":"68883abda80ac23934b15814"}
  And the response should confirm deletion    # api.stepdefinitions.UserApiSteps.the_response_should_confirm_deletion()
]]></system-out>
  <system-err><![CDATA[Jul 29, 2025 10:06:33 AM org.openqa.selenium.devtools.CdpVersionFinder findNearestMatch
WARNING: Unable to find CDP implementation matching 138
Jul 29, 2025 10:06:33 AM org.openqa.selenium.chromium.ChromiumDriver lambda$new$5
WARNING: Unable to find version of CDP to use for 138.0.7204.169. You may need to include a dependency on a specific version of the CDP using something similar to `org.seleniumhq.selenium:selenium-devtools-v86:4.21.0` where the version ("v86") matches the version of the chromium-based browser you're using and the version number of the artifact is the same as Selenium's.
Jul 29, 2025 10:06:34 AM org.openqa.selenium.devtools.CdpVersionFinder findNearestMatch
WARNING: Unable to find CDP implementation matching 138
Jul 29, 2025 10:06:34 AM org.openqa.selenium.chromium.ChromiumDriver lambda$new$5
WARNING: Unable to find version of CDP to use for 138.0.7204.169. You may need to include a dependency on a specific version of the CDP using something similar to `org.seleniumhq.selenium:selenium-devtools-v86:4.21.0` where the version ("v86") matches the version of the chromium-based browser you're using and the version number of the artifact is the same as Selenium's.
Jul 29, 2025 10:06:37 AM org.openqa.selenium.devtools.CdpVersionFinder findNearestMatch
WARNING: Unable to find CDP implementation matching 138
Jul 29, 2025 10:06:37 AM org.openqa.selenium.chromium.ChromiumDriver lambda$new$5
WARNING: Unable to find version of CDP to use for 138.0.7204.169. You may need to include a dependency on a specific version of the CDP using something similar to `org.seleniumhq.selenium:selenium-devtools-v86:4.21.0` where the version ("v86") matches the version of the chromium-based browser you're using and the version number of the artifact is the same as Selenium's.
Jul 29, 2025 10:06:38 AM org.openqa.selenium.devtools.CdpVersionFinder findNearestMatch
WARNING: Unable to find CDP implementation matching 138
Jul 29, 2025 10:06:38 AM org.openqa.selenium.chromium.ChromiumDriver lambda$new$5
WARNING: Unable to find version of CDP to use for 138.0.7204.169. You may need to include a dependency on a specific version of the CDP using something similar to `org.seleniumhq.selenium:selenium-devtools-v86:4.21.0` where the version ("v86") matches the version of the chromium-based browser you're using and the version number of the artifact is the same as Selenium's.
]]></system-err>
</testsuite>
